2019-03-25 10:20:10.561  INFO 10692 --- [restartedMain] c.a.BoardSystem.BoardSystemApplication   : Starting BoardSystemApplication on DESKTOP-33D2FRI with PID 10692 (started by Terry in C:\Users\Terry\Desktop\final project\BoardSystem)
2019-03-25 10:20:10.598  INFO 10692 --- [restartedMain] c.a.BoardSystem.BoardSystemApplication   : No active profile set, falling back to default profiles: default
2019-03-25 10:20:10.844  INFO 10692 --- [restartedMain] .e.DevToolsPropertyDefaultsPostProcessor : Devtools property defaults active! Set 'spring.devtools.add-properties' to 'false' to disable
2019-03-25 10:20:11.033  INFO 10692 --- [restartedMain] .e.DevToolsPropertyDefaultsPostProcessor : For additional web related logging consider setting the 'logging.level.web' property to 'DEBUG'
2019-03-25 10:20:14.362  INFO 10692 --- [restartedMain] .s.d.r.c.RepositoryConfigurationDelegate : Bootstrapping Spring Data repositories in DEFAULT mode.
2019-03-25 10:20:14.525  INFO 10692 --- [restartedMain] .s.d.r.c.RepositoryConfigurationDelegate : Finished Spring Data repository scanning in 146ms. Found 3 repository interfaces.
2019-03-25 10:20:15.781  INFO 10692 --- [restartedMain] trationDelegate$BeanPostProcessorChecker : Bean 'org.springframework.transaction.annotation.ProxyTransactionManagementConfiguration' of type [org.springframework.transaction.annotation.ProxyTransactionManagementConfiguration$$EnhancerBySpringCGLIB$$4ff5892f] is not eligible for getting processed by all BeanPostProcessors (for example: not eligible for auto-proxying)
2019-03-25 10:20:17.938  INFO 10692 --- [restartedMain] o.s.b.w.embedded.tomcat.TomcatWebServer  : Tomcat initialized with port(s): 8083 (http)
2019-03-25 10:20:18.182  INFO 10692 --- [restartedMain] o.apache.catalina.core.StandardService   : Starting service [Tomcat]
2019-03-25 10:20:18.187  INFO 10692 --- [restartedMain] org.apache.catalina.core.StandardEngine  : Starting Servlet engine: [Apache Tomcat/9.0.16]
2019-03-25 10:20:18.234  INFO 10692 --- [restartedMain] o.a.catalina.core.AprLifecycleListener   : The APR based Apache Tomcat Native library which allows optimal performance in production environments was not found on the java.library.path: [C:\Program Files\Java\jdk1.8.0_191\bin;C:\windows\Sun\Java\bin;C:\windows\system32;C:\windows;C:/Program Files/Java/jre1.8.0_191/bin/server;C:/Program Files/Java/jre1.8.0_191/bin;C:/Program Files/Java/jre1.8.0_191/lib/amd64;C:\oraclexe\app\oracle\product\11.2.0\server\bin;;C:\Program Files (x86)\Common Files\Oracle\Java\javapath;C:\windows\system32;C:\windows;C:\windows\System32\Wbem;C:\windows\System32\WindowsPowerShell\v1.0\;C:\windows\System32\OpenSSH\;C:\ProgramData\chocolatey\bin;C:\Program Files\Java\jdk1.8.0_191\bin;C:\Program Files\Microsoft VS Code\bin;C:\Program Files\Git\cmd;C:\Program Files\nodejs\;C:\Program Files\PuTTY\;C:\Users\Terry\AppData\Local\Programs\Python\Python37-32\Scripts\;C:\Users\Terry\AppData\Local\Programs\Python\Python37-32\;C:\Users\Terry\AppData\Local\Microsoft\WindowsApps;%apache-maven-3.6.0%C:\Users\Terry\Downloads\apache-maven-3.6.0-bin\apache-maven-3.6.0\bin;C:\Program Files\JetBrains\IntelliJ IDEA Community Edition 2018.3\bin;;C:\Users\Terry\AppData\Local\Programs\MiKTeX 2.9\miktex\bin\x64\;C:\Users\Terry\AppData\Roaming\npm;C:\Program Files\JetBrains\WebStorm 2018.3.4\bin;;C:\Program Files\heroku\bin;C:\Users\Terry\Desktop\OpenSource\eclipse;;.]
2019-03-25 10:20:20.710  INFO 10692 --- [restartedMain] o.a.c.c.C.[Tomcat].[localhost].[/]       : Initializing Spring embedded WebApplicationContext
2019-03-25 10:20:20.796  INFO 10692 --- [restartedMain] o.s.web.context.ContextLoader            : Root WebApplicationContext: initialization completed in 9763 ms
2019-03-25 10:20:21.601  INFO 10692 --- [restartedMain] com.zaxxer.hikari.HikariDataSource       : HikariPool-1 - Starting...
2019-03-25 10:20:28.237  INFO 10692 --- [restartedMain] com.zaxxer.hikari.pool.PoolBase          : HikariPool-1 - Driver does not support get/set network timeout for connections. (oracle.jdbc.driver.T4CConnection.getNetworkTimeout()I)
2019-03-25 10:20:28.245  INFO 10692 --- [restartedMain] com.zaxxer.hikari.HikariDataSource       : HikariPool-1 - Start completed.
2019-03-25 10:20:28.515  INFO 10692 --- [restartedMain] o.hibernate.jpa.internal.util.LogHelper  : HHH000204: Processing PersistenceUnitInfo [
	name: default
	...]
2019-03-25 10:20:28.687  INFO 10692 --- [restartedMain] org.hibernate.Version                    : HHH000412: Hibernate Core {5.3.7.Final}
2019-03-25 10:20:28.689  INFO 10692 --- [restartedMain] org.hibernate.cfg.Environment            : HHH000206: hibernate.properties not found
2019-03-25 10:20:28.921  INFO 10692 --- [restartedMain] o.hibernate.annotations.common.Version   : HCANN000001: Hibernate Commons Annotations {5.0.4.Final}
2019-03-25 10:20:29.196  INFO 10692 --- [restartedMain] org.hibernate.dialect.Dialect            : HHH000400: Using dialect: org.hibernate.dialect.Oracle10gDialect
2019-03-25 10:20:30.248  INFO 10692 --- [restartedMain] j.LocalContainerEntityManagerFactoryBean : Initialized JPA EntityManagerFactory for persistence unit 'default'
2019-03-25 10:20:31.565  INFO 10692 --- [restartedMain] o.s.s.concurrent.ThreadPoolTaskExecutor  : Initializing ExecutorService 'applicationTaskExecutor'
2019-03-25 10:20:31.642  WARN 10692 --- [restartedMain] aWebConfiguration$JpaWebMvcConfiguration : spring.jpa.open-in-view is enabled by default. Therefore, database queries may be performed during view rendering. Explicitly configure spring.jpa.open-in-view to disable this warning
2019-03-25 10:20:31.964  WARN 10692 --- [restartedMain] o.s.b.d.a.OptionalLiveReloadServer       : Unable to start LiveReload server
2019-03-25 10:20:32.310  INFO 10692 --- [restartedMain] o.s.b.w.embedded.tomcat.TomcatWebServer  : Tomcat started on port(s): 8083 (http) with context path ''
2019-03-25 10:20:32.314  INFO 10692 --- [restartedMain] c.a.BoardSystem.BoardSystemApplication   : Started BoardSystemApplication in 23.365 seconds (JVM running for 34.719)
2019-03-25 10:21:20.615  INFO 10692 --- [http-nio-8083-exec-7] o.a.c.c.C.[Tomcat].[localhost].[/]       : Initializing Spring DispatcherServlet 'dispatcherServlet'
2019-03-25 10:21:20.618  INFO 10692 --- [http-nio-8083-exec-7] o.s.web.servlet.DispatcherServlet        : Initializing Servlet 'dispatcherServlet'
2019-03-25 10:21:20.649  INFO 10692 --- [http-nio-8083-exec-7] o.s.web.servlet.DispatcherServlet        : Completed initialization in 30 ms
2019-03-25 10:21:20.828  INFO 10692 --- [http-nio-8083-exec-7] o.h.h.i.QueryTranslatorFactoryInitiator  : HHH000397: Using ASTQueryTranslatorFactory
2019-03-25 12:13:16.631  WARN 10692 --- [HikariPool-1 housekeeper] com.zaxxer.hikari.pool.HikariPool        : HikariPool-1 - Thread starvation or clock leap detected (housekeeper delta=13m47s954ms200µs184ns).
2019-03-25 13:29:27.728  WARN 10692 --- [HikariPool-1 housekeeper] com.zaxxer.hikari.pool.HikariPool        : HikariPool-1 - Thread starvation or clock leap detected (housekeeper delta=45m11s55ms808µs731ns).
2019-03-25 13:46:50.945  INFO 10692 --- [Thread-1] o.s.s.concurrent.ThreadPoolTaskExecutor  : Shutting down ExecutorService 'applicationTaskExecutor'
2019-03-25 13:46:50.951  INFO 10692 --- [Thread-1] j.LocalContainerEntityManagerFactoryBean : Closing JPA EntityManagerFactory for persistence unit 'default'
2019-03-25 13:46:50.987  INFO 10692 --- [Thread-1] com.zaxxer.hikari.HikariDataSource       : HikariPool-1 - Shutdown initiated...
2019-03-25 13:46:51.005  INFO 10692 --- [Thread-1] com.zaxxer.hikari.HikariDataSource       : HikariPool-1 - Shutdown completed.
2019-03-25 13:46:51.935  INFO 10692 --- [restartedMain] c.a.BoardSystem.BoardSystemApplication   : Starting BoardSystemApplication on DESKTOP-33D2FRI with PID 10692 (started by Terry in C:\Users\Terry\Desktop\final project\BoardSystem)
2019-03-25 13:46:51.936  INFO 10692 --- [restartedMain] c.a.BoardSystem.BoardSystemApplication   : No active profile set, falling back to default profiles: default
2019-03-25 13:46:52.468  INFO 10692 --- [restartedMain] .s.d.r.c.RepositoryConfigurationDelegate : Bootstrapping Spring Data repositories in DEFAULT mode.
2019-03-25 13:46:52.491  INFO 10692 --- [restartedMain] .s.d.r.c.RepositoryConfigurationDelegate : Finished Spring Data repository scanning in 23ms. Found 3 repository interfaces.
2019-03-25 13:46:52.601  INFO 10692 --- [restartedMain] trationDelegate$BeanPostProcessorChecker : Bean 'org.springframework.transaction.annotation.ProxyTransactionManagementConfiguration' of type [org.springframework.transaction.annotation.ProxyTransactionManagementConfiguration$$EnhancerBySpringCGLIB$$4ff5892f] is not eligible for getting processed by all BeanPostProcessors (for example: not eligible for auto-proxying)
2019-03-25 13:46:52.849  INFO 10692 --- [restartedMain] o.s.b.w.embedded.tomcat.TomcatWebServer  : Tomcat initialized with port(s): 8083 (http)
2019-03-25 13:46:52.852  INFO 10692 --- [restartedMain] o.apache.catalina.core.StandardService   : Starting service [Tomcat]
2019-03-25 13:46:52.853  INFO 10692 --- [restartedMain] org.apache.catalina.core.StandardEngine  : Starting Servlet engine: [Apache Tomcat/9.0.16]
2019-03-25 13:46:54.469  INFO 10692 --- [restartedMain] o.a.c.c.C.[Tomcat].[localhost].[/]       : Initializing Spring embedded WebApplicationContext
2019-03-25 13:46:54.470  INFO 10692 --- [restartedMain] o.s.web.context.ContextLoader            : Root WebApplicationContext: initialization completed in 2530 ms
2019-03-25 13:46:54.549  INFO 10692 --- [restartedMain] com.zaxxer.hikari.HikariDataSource       : HikariPool-2 - Starting...
2019-03-25 13:46:54.571  INFO 10692 --- [restartedMain] com.zaxxer.hikari.pool.PoolBase          : HikariPool-2 - Driver does not support get/set network timeout for connections. (oracle.jdbc.driver.T4CConnection.getNetworkTimeout()I)
2019-03-25 13:46:54.574  INFO 10692 --- [restartedMain] com.zaxxer.hikari.HikariDataSource       : HikariPool-2 - Start completed.
2019-03-25 13:46:54.610  INFO 10692 --- [restartedMain] o.hibernate.jpa.internal.util.LogHelper  : HHH000204: Processing PersistenceUnitInfo [
	name: default
	...]
2019-03-25 13:46:54.642  INFO 10692 --- [restartedMain] org.hibernate.dialect.Dialect            : HHH000400: Using dialect: org.hibernate.dialect.Oracle10gDialect
2019-03-25 13:46:54.931  INFO 10692 --- [restartedMain] j.LocalContainerEntityManagerFactoryBean : Initialized JPA EntityManagerFactory for persistence unit 'default'
2019-03-25 13:46:55.352  INFO 10692 --- [restartedMain] o.s.s.concurrent.ThreadPoolTaskExecutor  : Initializing ExecutorService 'applicationTaskExecutor'
2019-03-25 13:46:55.361  WARN 10692 --- [restartedMain] aWebConfiguration$JpaWebMvcConfiguration : spring.jpa.open-in-view is enabled by default. Therefore, database queries may be performed during view rendering. Explicitly configure spring.jpa.open-in-view to disable this warning
2019-03-25 13:46:55.484  WARN 10692 --- [restartedMain] o.s.b.d.a.OptionalLiveReloadServer       : Unable to start LiveReload server
2019-03-25 13:46:56.280  INFO 10692 --- [restartedMain] o.s.b.w.embedded.tomcat.TomcatWebServer  : Tomcat started on port(s): 8083 (http) with context path ''
2019-03-25 13:46:56.302  INFO 10692 --- [restartedMain] c.a.BoardSystem.BoardSystemApplication   : Started BoardSystemApplication in 4.445 seconds (JVM running for 12418.763)
2019-03-25 13:46:56.339  INFO 10692 --- [restartedMain] .ConditionEvaluationDeltaLoggingListener : Condition evaluation unchanged
2019-03-25 15:05:13.163  INFO 10692 --- [http-nio-8083-exec-1] o.a.c.c.C.[Tomcat].[localhost].[/]       : Initializing Spring DispatcherServlet 'dispatcherServlet'
2019-03-25 15:05:13.171  INFO 10692 --- [http-nio-8083-exec-1] o.s.web.servlet.DispatcherServlet        : Initializing Servlet 'dispatcherServlet'
2019-03-25 15:05:13.222  INFO 10692 --- [http-nio-8083-exec-1] o.s.web.servlet.DispatcherServlet        : Completed initialization in 50 ms
2019-03-25 15:05:13.271  INFO 10692 --- [http-nio-8083-exec-1] o.h.h.i.QueryTranslatorFactoryInitiator  : HHH000397: Using ASTQueryTranslatorFactory
